configPath: src/config_files/default copy.conf
currentState: 2 c:  
currentState: 2 c:  
currentState: 2 c:  
currentState: 2 c:  
currentState: 2 c:  
currentState: 2 c:  
currentState: 2 c:  
currentState: 2 c:  
currentState: 2 c:  
currentState: 2 c:  
currentState: 2 c:  
currentState: 2 c:  
currentState: 2 c:  
currentState: 2 c:  
currentState: 2 c:  
currentState: 2 c:  
currentState: 2 c:  
currentState: 2 c: 

currentState: 2 c: 	
currentState: 1 c: c
currentState: 1 c: l
currentState: 1 c: i
currentState: 1 c: e
currentState: 1 c: n
currentState: 1 c: t
currentState: 1 c: _
currentState: 1 c: m
currentState: 1 c: a
currentState: 1 c: x
currentState: 1 c: _
currentState: 1 c: b
currentState: 1 c: o
currentState: 1 c: d
currentState: 1 c: y
currentState: 1 c: _
currentState: 1 c: s
currentState: 1 c: i
currentState: 1 c: z
currentState: 1 c: e
currentState: 3 c: :
currentState: 3 c:  
currentState: 4 c: 2
currentState: 4 c: 5
currentState: 4 c: 0
currentState: 4 c: 0
currentState: 4 c: 0
currentState: 4 c: 0
value: 250000
key: client_max_body_size ## value: 250000 
currentState: 2 c: ;
currentState: 2 c: 

currentState: 2 c: 	
currentState: 2 c: 	
currentState: 2 c: 	
currentState: 2 c: 	
currentState: 2 c: 	
currentState: 2 c: 	
currentState: 2 c: 	
currentState: 2 c: 	
currentState: 2 c: 	
currentState: 2 c: 	
currentState: 2 c: 	
currentState: 2 c: 	
currentState: 2 c: 	
currentState: 2 c: 	
currentState: 2 c: 	
currentState: 7 c: #
currentState: 7 c: /
currentState: 7 c: /
currentState: 7 c: f
currentState: 7 c: r
currentState: 7 c: o
currentState: 7 c: m
currentState: 7 c:  
currentState: 7 c: 0
currentState: 7 c:  
currentState: 7 c: t
currentState: 7 c: o
currentState: 7 c:  
currentState: 7 c: 1
currentState: 7 c: 0
currentState: 7 c: 0
currentState: 7 c: 0
currentState: 7 c: 0
currentState: 7 c: 0
currentState: 7 c: 0
currentState: 2 c: 

currentState: 2 c: 	
currentState: 2 c: 	
currentState: 2 c: 	
currentState: 2 c: 	
currentState: 2 c: 	
currentState: 2 c: 	
currentState: 2 c: 	
currentState: 2 c: 	
currentState: 2 c: 	
currentState: 2 c: 	
currentState: 2 c: 	
currentState: 2 c: 	
currentState: 2 c: 	
currentState: 2 c: 	
currentState: 2 c: 	
currentState: 7 c: #
currentState: 7 c: h
currentState: 7 c: a
currentState: 7 c: n
currentState: 7 c: d
currentState: 7 c: l
currentState: 7 c: e
currentState: 7 c:  
currentState: 7 c: o
currentState: 7 c: n
currentState: 7 c: l
currentState: 7 c: y
currentState: 7 c:  
currentState: 7 c: q
currentState: 7 c: u
currentState: 7 c: o
currentState: 7 c: t
currentState: 7 c: e
currentState: 7 c: s
currentState: 7 c:  
currentState: 7 c: d
currentState: 7 c: o
currentState: 7 c: u
currentState: 7 c: b
currentState: 7 c: l
currentState: 7 c: e
currentState: 2 c: 

currentState: 2 c:  
currentState: 2 c:  
currentState: 2 c:  
currentState: 2 c:  
currentState: 2 c:  
currentState: 2 c:  
currentState: 2 c:  
currentState: 2 c:  
currentState: 2 c:  
currentState: 1 c: s
currentState: 1 c: e
currentState: 1 c: r
currentState: 1 c: v
currentState: 1 c: e
currentState: 1 c: r
currentState: 2 c:  
currentState: 2 c: 	
currentState: 2 c: 	
currentState: 2 c: 	
currentState: 2 c: 	
currentState: 2 c: 	
currentState: 2 c: 	
currentState: 2 c: 	
currentState: 2 c: 	
currentState: 2 c: 	
currentState: 2 c: 	
currentState: 2 c: 	
currentState: 7 c: #
currentState: 7 c:  
currentState: 7 c: h
currentState: 7 c: a
currentState: 7 c: n
currentState: 7 c: d
currentState: 7 c: l
currentState: 7 c: e
currentState: 7 c:  
currentState: 7 c: o
currentState: 7 c: p
currentState: 7 c: e
currentState: 7 c: n
currentState: 7 c:  
currentState: 7 c: b
currentState: 7 c: r
currentState: 7 c: a
currentState: 7 c: c
currentState: 7 c: k
currentState: 7 c: e
currentState: 7 c: t
currentState: 7 c:  
currentState: 7 c: i
currentState: 7 c: n
currentState: 7 c:  
currentState: 7 c: t
currentState: 7 c: h
currentState: 7 c: e
currentState: 7 c:  
currentState: 7 c: e
currentState: 7 c: n
currentState: 7 c: d
currentState: 7 c:  
currentState: 7 c: o
currentState: 7 c: f
currentState: 7 c:  
currentState: 7 c: l
currentState: 7 c: i
currentState: 7 c: n
currentState: 7 c: e
currentState: 7 c:  
currentState: 7 c: a
currentState: 7 c: n
currentState: 7 c: d
currentState: 7 c:  
currentState: 7 c: n
currentState: 7 c: e
currentState: 7 c: w
currentState: 7 c:  
currentState: 7 c: l
currentState: 7 c: i
currentState: 7 c: n
currentState: 7 c: e
currentState: 2 c: 

currentState: 2 c:  
currentState: 2 c:  
currentState: 2 c:  
currentState: 2 c:  
currentState: 2 c:  
currentState: 2 c:  
currentState: 2 c:  
currentState: 2 c:  
currentState: 2 c:  
currentState: 2 c:  
currentState: 2 c:  
currentState: 2 c:  
currentState: 2 c:  
currentState: 2 c:  
currentState: 2 c:  
currentState: 2 c:  
currentState: 2 c:  
currentState: 2 c:  
currentState: 2 c:  
currentState: 2 c:  
currentState: 2 c: {
currentState: 2 c: 	
currentState: 2 c: 	
currentState: 2 c: 	
currentState: 2 c: 	
currentState: 2 c: 	
currentState: 2 c: 	
currentState: 2 c: 	
currentState: 2 c: 

currentState: 2 c: 	
currentState: 1 c: l
currentState: 1 c: i
currentState: 1 c: s
currentState: 1 c: t
currentState: 1 c: e
currentState: 1 c: n
currentState: 3 c: :
currentState: 3 c:  
currentState: 3 c:  
currentState: 3 c:  
currentState: 3 c:  
currentState: 4 c: d
currentState: 4 c: f
currentState: 4 c: g
currentState: 4 c: f
currentState: 4 c: g
currentState: 4 c: f
currentState: 4 c: d
currentState: 4 c: g
currentState: 4 c: d
currentState: 4 c: f
currentState: 4 c: d
currentState: 4 c: f
currentState: 4 c: g
currentState: 3 c: 	
value: dfgfgfdgdfdfg
